** /opt/puppetlabs/puppet/bin/puppet resource cron | grep -E report_baseline
** /opt/puppetlabs/puppet/bin/puppet resource cron | grep -E pe-mcollective-metadata
** /opt/puppetlabs/puppet/bin/puppet resource cron | grep -E pe-puppet-console-prune-task
** /etc/init.d/pe-puppetserver stop
** /etc/init.d/pe-console-services stop
** /etc/init.d/pe-nginx stop
** /etc/init.d/pe-puppetdb stop
** /etc/init.d/pe-postgresql stop
Stopping pe-postgresql service:  * pe-postgresql service not running
** dpkg -P pe-console-services pe-console-services-termini pe-java pe-license pe-nginx pe-postgresql pe-postgresql-contrib pe-postgresql-server pe-puppet-enterprise-release pe-puppet-license-cli pe-puppetdb pe-puppetdb-termini pe-puppetserver pe-r10k puppet-agent
(Reading database ... 97895 files and directories currently installed.)
Removing pe-console-services (1.1.150-1puppet1) ...
Purging configuration files for pe-console-services (1.1.150-1puppet1) ...
Removing pe-console-services-termini (1.1.150-1puppet1) ...
Removing pe-nginx (1.8.0-1puppet6) ...
Purging configuration files for pe-nginx (1.8.0-1puppet6) ...
Removing pe-postgresql-contrib (9.4.4-1puppet3) ...
Removing pe-postgresql-server (9.4.4-1puppet3) ...
Stopping pe-postgresql service:  * pe-postgresql service not running
Purging configuration files for pe-postgresql-server (9.4.4-1puppet3) ...
dpkg: warning: while removing pe-postgresql-server, directory '/opt/puppetlabs/server/data/postgresql' not empty so not removed
Removing pe-puppet-license-cli (0.1.7.12-1puppet1) ...
Removing pe-puppetdb (3.0.0-1puppet1) ...
Purging configuration files for pe-puppetdb (3.0.0-1puppet1) ...
Removing pe-puppetdb-termini (3.0.0-1puppet1) ...
Removing pe-puppetserver (2.1.1-1puppet1) ...
Purging configuration files for pe-puppetserver (2.1.1-1puppet1) ...
Removing pe-r10k (2.0.2.0-1trusty) ...
Purging configuration files for pe-r10k (2.0.2.0-1trusty) ...
Removing pe-java:amd64 (1.8.0.51-1puppet1) ...
Removing pe-license (0.1.5.5-1puppet1) ...
Removing pe-postgresql (9.4.4-1puppet3) ...
Purging configuration files for pe-postgresql (9.4.4-1puppet3) ...
Removing pe-puppet-enterprise-release (2015.2.0.0-1puppet1) ...
dpkg: warning: while removing pe-puppet-enterprise-release, directory '/opt/puppetlabs/server/data' not empty so not removed
dpkg: warning: while removing pe-puppet-enterprise-release, directory '/opt/puppetlabs/server/share' not empty so not removed
Removing puppet-agent (1.2.2-1trusty) ...
 * Stopping puppet agent
   ...done.
Stopping daemon:  mcollective
dpkg: warning: while removing puppet-agent, unable to remove directory '/etc/puppetlabs/code/environments/production/modules': Device or resource busy - directory may be a mount point?
Purging configuration files for puppet-agent (1.2.2-1trusty) ...
dpkg: warning: while removing puppet-agent, directory '/opt/puppetlabs/puppet/modules' not empty so not removed
dpkg: warning: while removing puppet-agent, directory '/opt/puppetlabs/puppet/cache' not empty so not removed
dpkg: warning: while removing puppet-agent, directory '/opt/puppetlabs/bin' not empty so not removed
dpkg: warning: while removing puppet-agent, directory '/var/run/puppetlabs' not empty so not removed
dpkg: warning: while removing puppet-agent, directory '/etc/puppetlabs/puppet' not empty so not removed
dpkg: warning: while removing puppet-agent, directory '/etc/puppetlabs/code/environments/production/manifests' not empty so not removed
dpkg: warning: while removing puppet-agent, unable to remove directory '/etc/puppetlabs/code/environments/production/modules': Device or resource busy - directory may be a mount point?
dpkg: warning: while removing puppet-agent, directory '/etc/puppetlabs/mcollective' not empty so not removed
Processing triggers for libc-bin (2.19-0ubuntu6.6) ...
** /usr/sbin/userdel pe-webserver
** /usr/sbin/userdel pe-puppet
** /usr/sbin/userdel pe-puppetdb
** /usr/sbin/userdel pe-postgres
** /usr/sbin/userdel pe-console-services
** rm -f /etc/apt/sources.list.d/puppet-enterprise-installer.list
** rm -f /etc/apt/apt.conf.d/90pe-repo
** apt-get update -qq
** cp -a /etc/puppetlabs/installer/database_info.install /tmp/database_info.install.20151216T142103.bak
** chmod 600 /tmp/database_info.install.20151216T142103.bak
** rm -rf '/opt/puppetlabs/bin'
** rm -rf '/opt/puppetlabs/puppet'
** rm -rf '/opt/puppetlabs/server/pe_build'
** rm -rf '/opt/puppetlabs/server/share'
** rm -rf '/etc/puppetlabs'
rm: cannot remove ‘/etc/puppetlabs/code/environments/production/modules’: Device or resource busy
** rm -rf '/var/run/puppetlabs'
** rm -rf '/opt/puppetlabs'
** apt-key list | egrep ${t_key_id}
pub   4096R/4BD6EC30 2010-07-10 [expires: 2016-07-08]
** apt-key del ${t_key_id}
OK
